Flutter crash report.
Please report a bug at https://github.com/flutter/flutter/issues.

## command

flutter debug_adapter

## exception

SocketException: SocketException: Write failed (OS Error: The pipe is being closed.
, errno = 232), port = 0

```
#0      _NativeSocket.write (dart:io-patch/socket_patch.dart:1252:34)
#1      _RawSocket.write (dart:io-patch/socket_patch.dart:2010:15)
#2      _Socket._write (dart:io-patch/socket_patch.dart:2487:18)
#3      _SocketStreamConsumer.write (dart:io-patch/socket_patch.dart:2222:28)
#4      _SocketStreamConsumer.addStream.<anonymous closure> (dart:io-patch/socket_patch.dart:2174:11)
#5      _rootRunUnary (dart:async/zone.dart:1407:47)
#6      _CustomZone.runUnary (dart:async/zone.dart:1308:19)
#7      _CustomZone.runUnaryGuarded (dart:async/zone.dart:1217:7)
#8      _BufferingStreamSubscription._sendData (dart:async/stream_impl.dart:365:11)
#9      _DelayedData.perform (dart:async/stream_impl.dart:541:14)
#10     _PendingEvents.handleNext (dart:async/stream_impl.dart:646:11)
#11     _PendingEvents.schedule.<anonymous closure> (dart:async/stream_impl.dart:617:7)
#12     _rootRun (dart:async/zone.dart:1391:47)
#13     _CustomZone.run (dart:async/zone.dart:1301:19)
#14     _CustomZone.runGuarded (dart:async/zone.dart:1209:7)
#15     _CustomZone.bindCallbackGuarded.<anonymous closure> (dart:async/zone.dart:1249:23)
#16     _rootRun (dart:async/zone.dart:1399:13)
#17     _CustomZone.run (dart:async/zone.dart:1301:19)
#18     _CustomZone.runGuarded (dart:async/zone.dart:1209:7)
#19     _CustomZone.bindCallbackGuarded.<anonymous closure> (dart:async/zone.dart:1249:23)
#20     _microtaskLoop (dart:async/schedule_microtask.dart:40:21)
#21     _startMicrotaskLoop (dart:async/schedule_microtask.dart:49:5)
#22     _runPendingImmediateCallback (dart:isolate-patch/isolate_patch.dart:118:13)
#23     _RawReceivePort._handleMessage (dart:isolate-patch/isolate_patch.dart:185:5)
```

## flutter doctor

```
[✓] Flutter (Channel stable, 3.24.1, on Microsoft Windows [Version 10.0.26100.2161], locale en-US)
    • Flutter version 3.24.1 on channel stable at C:\flutter\flutter
    • Upstream repository https://github.com/flutter/flutter.git
    • Framework revision 5874a72aa4 (3 months ago), 2024-08-20 16:46:00 -0500
    • Engine revision c9b9d5780d
    • Dart version 3.5.1
    • DevTools version 2.37.2

[✓] Windows Version (Installed version of Windows is version 10 or higher)

[!] Android toolchain - develop for Android devices (Android SDK version 35.0.0)
    • Android SDK at C:\Users\moham\AppData\Local\Android\Sdk
    • Platform android-35, build-tools 35.0.0
    • ANDROID_SDK_ROOT = C:\Users\moham\AppData\Local\Android\Sdk
    • Java binary at: C:\Program Files\Android\Android Studio\jbr\bin\java
    • Java version OpenJDK Runtime Environment (build 17.0.11+0--11852314)
    ! Some Android licenses not accepted. To resolve this, run: flutter doctor --android-licenses

[✗] Chrome - develop for the web (Cannot find Chrome executable at .\Google\Chrome\Application\chrome.exe)
    ! Cannot find Chrome. Try setting CHROME_EXECUTABLE to a Chrome executable.

[✓] Visual Studio - develop Windows apps (Visual Studio Community 2022 17.11.5)
    • Visual Studio at C:\Program Files\Microsoft Visual Studio\2022\Community
    • Visual Studio Community 2022 version 17.11.35327.3
    • Windows 10 SDK version 10.0.22621.0

[✓] Android Studio (version 2024.1)
    • Android Studio at C:\Program Files\Android\Android Studio
    • Flutter plugin can be installed from:
      🔨 https://plugins.jetbrains.com/plugin/9212-flutter
    • Dart plugin can be installed from:
      🔨 https://plugins.jetbrains.com/plugin/6351-dart
    • Java version OpenJDK Runtime Environment (build 17.0.11+0--11852314)

[✓] VS Code (version 1.95.1)
    • VS Code at C:\Users\moham\AppData\Local\Programs\Microsoft VS Code
    • Flutter extension version 3.100.0

[✓] Connected device (3 available)
    • sdk gphone64 x86 64 (mobile) • emulator-5554 • android-arm    • Android null (API null)
    • Windows (desktop)            • windows       • windows-x64    • Microsoft Windows [Version 10.0.26100.2161]
    • Edge (web)                   • edge          • web-javascript • Microsoft Edge 130.0.2849.56
    ! Device emulator-5554 is offline.

[✓] Network resources
    • All expected network resources are available.

! Doctor found issues in 2 categories.
```
